#
# There is insufficient memory for the Java Runtime Environment to continue.
# Native memory allocation (mmap) failed to map 260046848 bytes for Failed to commit area from 0x0000000709a00000 to 0x0000000719200000 of length 260046848.
# Possible reasons:
#   The system is out of physical RAM or swap space
#   The process is running with CompressedOops enabled, and the Java Heap may be blocking the growth of the native heap
# Possible solutions:
#   Reduce memory load on the system
#   Increase physical memory or swap space
#   Check if swap backing store is full
#   Decrease Java heap size (-Xmx/-Xms)
#   Decrease number of Java threads
#   Decrease Java thread stack sizes (-Xss)
#   Set larger code cache with -XX:ReservedCodeCacheSize=
# This output file may be truncated or incomplete.
#
#  Out of Memory Error (./src/hotspot/os/windows/os_windows.cpp:3301), pid=1256, tid=16900
#
# JRE version:  (11.0.10+8) (build )
# Java VM: OpenJDK 64-Bit Server VM (11.0.10+8-b1145.96, mixed mode, sharing, tiered, compressed oops, g1 gc, windows-amd64)
# No core dump will be written. Minidumps are not enabled by default on client versions of Windows
#

---------------  S U M M A R Y ------------

Command Line: org.jetbrains.git4idea.http.GitAskPassApp Username for 'https://github.com': 

Host: AMD A8-5500 APU with Radeon(tm) HD Graphics    , 4 cores, 15G,  Windows 10 , 64 bit Build 19041 (10.0.19041.928)
Time: Wed Apr 21 19:33:38 2021 Västeuropa, sommartid elapsed time: 0.890249 seconds (0d 0h 0m 0s)

---------------  T H R E A D  ---------------

Current thread (0x000001aebbf5f000):  JavaThread "Unknown thread" [_thread_in_vm, id=16900, stack(0x0000000184a00000,0x0000000184b00000)]

Stack: [0x0000000184a00000,0x0000000184b00000]
Native frames: (J=compiled Java code, j=interpreted, Vv=VM code, C=native code)
V  [jvm.dll+0x5ece6a]
V  [jvm.dll+0x722cd5]
V  [jvm.dll+0x72422d]
V  [jvm.dll+0x7248e3]
V  [jvm.dll+0x2428d8]
V  [jvm.dll+0x5ea244]
V  [jvm.dll+0x5df2e5]
V  [jvm.dll+0x2fdddb]
V  [jvm.dll+0x2fdd4a]
V  [jvm.dll+0x2fdc22]
V  [jvm.dll+0x302b06]
V  [jvm.dll+0x34b033]
V  [jvm.dll+0x34b736]
V  [jvm.dll+0x34b133]
V  [jvm.dll+0x2d87d8]
V  [jvm.dll+0x2d9987]
V  [jvm.dll+0x701817]
V  [jvm.dll+0x70300c]
V  [jvm.dll+0x3585a9]
V  [jvm.dll+0x6e516e]
V  [jvm.dll+0x3c09e3]
V  [jvm.dll+0x3c2c71]
C  [jli.dll+0x5373]
C  [ucrtbase.dll+0x21bb2]
C  [KERNEL32.DLL+0x17034]
C  [ntdll.dll+0x52651]


---------------  P R O C E S S  ---------------

Threads class SMR info:
_java_thread_list=0x000001aeb9dd2550, length=0, elements={
}

Java Threads: ( => current thread )

Other Threads:
  0x000001aebbf77800 GCTaskThread "GC Thread#0" [stack: 0x0000000184b00000,0x0000000184c00000] [id=10260]
  0x000001aebbfd0800 ConcurrentGCThread "G1 Main Marker" [stack: 0x0000000184c00000,0x0000000184d00000] [id=14364]
  0x000001aebbfd2000 ConcurrentGCThread "G1 Conc#0" [stack: 0x0000000184d00000,0x0000000184e00000] [id=14152]

[error occurred during error reporting (printing all threads), id 0xc0000005, EXCEPTION_ACCESS_VIOLATION (0xc0000005) at pc=0x00007ffb23f88db7]

VM state:not at safepoint (not fully initialized)

VM Mutex/Monitor currently owned by a thread:  ([mutex/lock_event])
[0x000001aebbf5b240] Heap_lock - owner thread: 0x000001aebbf5f000

Heap address: 0x0000000709a00000, size: 3942 MB, Compressed Oops mode: Non-zero based: 0x0000000709a00000
Narrow klass base: 0x0000000000000000, Narrow klass shift: 0

GC Heap History (0 events):
No events

Deoptimization events (0 events):
No events

Classes redefined (0 events):
No events

Internal exceptions (0 events):
No events

Events (1 events):
Event: 0.528 Loaded shared library C:\Program Files\JetBrains\IntelliJ IDEA Community Edition 2020.3.2\jbr\bin\zip.dll


Dynamic libraries:
0x00007ff600e10000 - 0x00007ff600e1a000 	C:\Program Files\JetBrains\IntelliJ IDEA Community Edition 2020.3.2\jbr\bin\java.exe
0x00007ffb70a10000 - 0x00007ffb70c05000 	C:\WINDOWS\SYSTEM32\ntdll.dll
0x00007ffb6e580000 - 0x00007ffb6e63d000 	C:\WINDOWS\System32\KERNEL32.DLL
0x00007ffb6d980000 - 0x00007ffb6dc48000 	C:\WINDOWS\System32\KERNELBASE.dll
0x00007ffb6dc50000 - 0x00007ffb6dd50000 	C:\WINDOWS\System32\ucrtbase.dll
0x00007ffb54bf0000 - 0x00007ffb54c09000 	C:\Program Files\JetBrains\IntelliJ IDEA Community Edition 2020.3.2\jbr\bin\jli.dll
0x00007ffb6fb50000 - 0x00007ffb6fcf0000 	C:\WINDOWS\System32\USER32.dll
0x00007ffb6dd50000 - 0x00007ffb6dd72000 	C:\WINDOWS\System32\win32u.dll
0x00007ffb6f3e0000 - 0x00007ffb6f40a000 	C:\WINDOWS\System32\GDI32.dll
0x00007ffb6df90000 - 0x00007ffb6e09b000 	C:\WINDOWS\System32\gdi32full.dll
0x00007ffb6d830000 - 0x00007ffb6d8cd000 	C:\WINDOWS\System32\msvcp_win.dll
0x00007ffb64220000 - 0x00007ffb644ba000 	C:\WINDOWS\WinSxS\amd64_microsoft.windows.common-controls_6595b64144ccf1df_6.0.19041.844_none_ca00b6081b84eb1d\COMCTL32.dll
0x00007ffb6f0f0000 - 0x00007ffb6f18e000 	C:\WINDOWS\System32\msvcrt.dll
0x00007ffb69210000 - 0x00007ffb69227000 	C:\Program Files\JetBrains\IntelliJ IDEA Community Edition 2020.3.2\jbr\bin\VCRUNTIME140.dll
0x00007ffb709a0000 - 0x00007ffb709d0000 	C:\WINDOWS\System32\IMM32.DLL
0x00007ffb4c520000 - 0x00007ffb4c5bd000 	C:\Program Files\JetBrains\IntelliJ IDEA Community Edition 2020.3.2\jbr\bin\msvcp140.dll
0x00007ffb23ca0000 - 0x00007ffb24770000 	C:\Program Files\JetBrains\IntelliJ IDEA Community Edition 2020.3.2\jbr\bin\server\jvm.dll
0x00007ffb6e640000 - 0x00007ffb6e6ec000 	C:\WINDOWS\System32\ADVAPI32.dll
0x00007ffb6e8a0000 - 0x00007ffb6e93b000 	C:\WINDOWS\System32\sechost.dll
0x00007ffb6fd70000 - 0x00007ffb6fe9b000 	C:\WINDOWS\System32\RPCRT4.dll
0x00007ffb6fa90000 - 0x00007ffb6fa98000 	C:\WINDOWS\System32\PSAPI.DLL
0x00007ffb64190000 - 0x00007ffb64199000 	C:\WINDOWS\SYSTEM32\WSOCK32.dll
0x00007ffb6f370000 - 0x00007ffb6f3db000 	C:\WINDOWS\System32\WS2_32.dll
0x00007ffb66090000 - 0x00007ffb660b7000 	C:\WINDOWS\SYSTEM32\WINMM.dll
0x00007ffb660c0000 - 0x00007ffb660ca000 	C:\WINDOWS\SYSTEM32\VERSION.dll
0x00007ffb6b6d0000 - 0x00007ffb6b6e2000 	C:\WINDOWS\SYSTEM32\kernel.appcore.dll
0x00007ffb62650000 - 0x00007ffb62661000 	C:\Program Files\JetBrains\IntelliJ IDEA Community Edition 2020.3.2\jbr\bin\verify.dll
0x00007ffb5e840000 - 0x00007ffb5ea24000 	C:\WINDOWS\SYSTEM32\DBGHELP.DLL
0x00007ffb5e670000 - 0x00007ffb5e69c000 	C:\WINDOWS\SYSTEM32\dbgcore.DLL
0x00007ffb6d8d0000 - 0x00007ffb6d950000 	C:\WINDOWS\System32\bcryptPrimitives.dll
0x00007ffb54b40000 - 0x00007ffb54b69000 	C:\Program Files\JetBrains\IntelliJ IDEA Community Edition 2020.3.2\jbr\bin\java.dll
0x00007ffb69230000 - 0x00007ffb6923b000 	C:\Program Files\JetBrains\IntelliJ IDEA Community Edition 2020.3.2\jbr\bin\jimage.dll
0x00007ffb62600000 - 0x00007ffb62618000 	C:\Program Files\JetBrains\IntelliJ IDEA Community Edition 2020.3.2\jbr\bin\zip.dll

dbghelp: loaded successfully - version: 4.0.5 - missing functions: none
symbol engine: initialized successfully - sym options: 0x614 - pdb path: .;C:\Program Files\JetBrains\IntelliJ IDEA Community Edition 2020.3.2\jbr\bin;C:\WINDOWS\SYSTEM32;C:\WINDOWS\WinSxS\amd64_microsoft.windows.common-controls_6595b64144ccf1df_6.0.19041.844_none_ca00b6081b84eb1d;C:\Program Files\JetBrains\IntelliJ IDEA Community Edition 2020.3.2\jbr\bin\server

VM Arguments:
java_command: org.jetbrains.git4idea.http.GitAskPassApp Username for 'https://github.com': 
java_class_path (initial): C:/Program Files/JetBrains/IntelliJ IDEA Community Edition 2020.3.2/plugins/git4idea/lib/git4idea-rt.jar;C:/Program Files/JetBrains/IntelliJ IDEA Community Edition 2020.3.2/lib/xmlrpc-2.0.1.jar;C:/Program Files/JetBrains/IntelliJ IDEA Community Edition 2020.3.2/lib/commons-codec-1.14.jar
Launcher Type: SUN_STANDARD

[Global flags]
     intx CICompilerCount                          = 3                                         {product} {ergonomic}
     uint ConcGCThreads                            = 1                                         {product} {ergonomic}
     uint G1ConcRefinementThreads                  = 4                                         {product} {ergonomic}
   size_t G1HeapRegionSize                         = 1048576                                   {product} {ergonomic}
    uintx GCDrainStackTargetSize                   = 64                                        {product} {ergonomic}
   size_t InitialHeapSize                          = 260046848                                 {product} {ergonomic}
   size_t MarkStackSize                            = 4194304                                   {product} {ergonomic}
   size_t MaxHeapSize                              = 4133486592                                {product} {ergonomic}
   size_t MinHeapDeltaBytes                        = 1048576                                   {product} {ergonomic}
    uintx NonNMethodCodeHeapSize                   = 5830732                                {pd product} {ergonomic}
    uintx NonProfiledCodeHeapSize                  = 122913754                              {pd product} {ergonomic}
    uintx ProfiledCodeHeapSize                     = 122913754                              {pd product} {ergonomic}
    uintx ReservedCodeCacheSize                    = 251658240                              {pd product} {ergonomic}
     bool SegmentedCodeCache                       = true                                      {product} {ergonomic}
     bool UseCompressedClassPointers               = true                                 {lp64_product} {ergonomic}
     bool UseCompressedOops                        = true                                 {lp64_product} {ergonomic}
     bool UseG1GC                                  = true                                      {product} {ergonomic}
     bool UseLargePagesIndividualAllocation        = false                                  {pd product} {ergonomic}

Logging:
Log output configuration:
 #0: stdout all=warning uptime,level,tags
 #1: stderr all=off uptime,level,tags

Environment Variables:
JAVA_HOME=C:\Program Files\Java\jdk-8.0.282.8-openj9
PATH=C:/Program Files/Git/mingw64/libexec/git-core;C:/Program Files/Git/mingw64/libexec/git-core;C:\Program Files\Git\mingw64\bin;C:\Program Files\Git\usr\bin;C:\Users\zacharias\bin;C:\Program Files\java\jdk-8.0.282.8-openj9\bin;c:\Program Files\java\jdk-15.0.1\bin\;C:\Python39\Scripts\;C:\Python39\;C:\Program Files\Common Files\Oracle\Java\javapath;C:\Program Files (x86)\Common Files\Oracle\Java\javapath;c:\Program Files (x86)\AMD APP\bin\x86_64;c:\Program Files (x86)\AMD APP\bin\x86;C:\WINDOWS\system32;C:\WINDOWS;C:\WINDOWS\System32\Wbem;C:\WINDOWS\System32\WindowsPowerShell\v1.0\;c:\Program Files (x86)\ATI Technologies\ATI.ACE\Core-Static;C:\Program Files (x86)\Windows Live\Shared;C:\WINDOWS\System32\OpenSSH\;C:\Program Files\Git\cmd;C:\Users\zacharias\SomeLocalDir\contrib\reghunt\bin;c:\minGW\bin;C:\Program Files\nodejs\;C:\ProgramData\chocolatey\bin;C:\Program Files\dotnet\;C:\Program Files\Microsoft SQL Server\130\Tools\Binn\;C:\Program Files\Microsoft SQL Server\Client SDK\ODBC\170\Tools\Binn\;C:\Program Files (x86)\Lua\5.1;C:\Program Files (x86)\Lua\5.1\clibs;C:\Program Files\MySQL\MySQL Server 8.0\bin;C:\Users\zacharias\AppData\Local\Programs\Microsoft VS Code\bin;C:\Users\zacharias\AppData\Local\Microsoft\WindowsApps;c:\program files\java\jdk1.8.0_261\bin;C:\Users\zacharias\AppData\Roaming\npm;C:\Users\zacharias\.dotnet\tools;C:\Users\zacharias\AppData\Local\GitHubDesktop\bin
USERNAME=zacharias
DISPLAY=:0.0
LC_ALL=en_US.UTF-8
OS=Windows_NT
PROCESSOR_IDENTIFIER=AMD64 Family 21 Model 16 Stepping 1, AuthenticAMD



---------------  S Y S T E M  ---------------

OS: Windows 10 , 64 bit Build 19041 (10.0.19041.928)
OS uptime: 0 days 2:50 hours
Hyper-V role detected

CPU:total 4 (initial active 4) (4 cores per cpu, 1 threads per core) family 21 model 16 stepping 1 microcode 0x0, cmov, cx8, fxsr, mmx, sse, sse2, sse3, ssse3, sse4.1, sse4.2, popcnt, avx, aes, clmul, mmxext, 3dnowpref, lzcnt, sse4a, tsc, tscinvbit, tscinv, bmi1, fma

Memory: 4k page, system-wide physical 15767M (968M free)
TotalPageFile size 19863M (AvailPageFile size 78M)
current process WorkingSet (physical memory assigned to process): 10M, peak: 10M
current process commit charge ("private bytes"): 51M, peak: 299M

vm_info: OpenJDK 64-Bit Server VM (11.0.10+8-b1145.96) for windows-amd64 JRE (11.0.10+8-b1145.96), built on Feb 18 2021 01:38:16 by "" with MS VC++ 14.0 (VS2015)

END.
